[debug] [2019-06-25T03:07:52.895Z] ----------------------------------------------------------------------
[debug] [2019-06-25T03:07:52.898Z] Command:       C:\Program Files\nodejs\node.exe C:\Users\evana\AppData\Roaming\npm\node_modules\firebase-tools\lib\bin\firebase.js serve
[debug] [2019-06-25T03:07:52.898Z] CLI Version:   6.9.2
[debug] [2019-06-25T03:07:52.898Z] Platform:      win32
[debug] [2019-06-25T03:07:52.898Z] Node Version:  v10.15.1
[debug] [2019-06-25T03:07:52.899Z] Time:          Mon Jun 24 2019 20:07:52 GMT-0700 (Pacific Daylight Time)
[debug] [2019-06-25T03:07:52.899Z] ----------------------------------------------------------------------
[debug] 
[debug] [2019-06-25T03:07:52.908Z] > command requires scopes: ["email","openid","https://www.googleapis.com/auth/cloudplatformprojects.readonly","https://www.googleapis.com/auth/firebase","https://www.googleapis.com/auth/cloud-platform"]
[debug] [2019-06-25T03:07:52.909Z] > authorizing via signed-in user
[debug] [2019-06-25T03:07:52.910Z] [iam] checking project calc-a0e94 for permissions ["firebase.projects.get"]
[debug] [2019-06-25T03:07:52.911Z] >>> HTTP REQUEST POST https://cloudresourcemanager.googleapis.com/v1/projects/calc-a0e94:testIamPermissions  

[debug] [2019-06-25T03:07:53.306Z] <<< HTTP RESPONSE 200
[debug] [2019-06-25T03:07:53.307Z] >>> HTTP REQUEST GET https://cloudresourcemanager.googleapis.com/v1/projects/calc-a0e94  
 
[debug] [2019-06-25T03:07:53.588Z] <<< HTTP RESPONSE 200
[info] 
[info] === Serving from 'C:\Users\evana\Desktop\calc'...
[info] 
[debug] [2019-06-25T03:07:53.601Z] >>> HTTP REQUEST GET https://mobilesdk-pa.googleapis.com/v1/projects/362699200835/clients/_:getWebAppConfig  
 
[debug] [2019-06-25T03:07:53.981Z] <<< HTTP RESPONSE 200
[info] i  hosting: Serving hosting files from: public
[info] +  hosting: Local server: http://localhost:5000
